###############################################################################
#                                                                             #
#                                                       12/Nov/2015  20:03:13 #
# IAR ANSI C/C++ Compiler V6.30.6.23336/W32 EVALUATION for ARM                #
# Copyright 1999-2012 IAR Systems AB.                                         #
#                                                                             #
#    Cpu mode     =  thumb                                                    #
#    Endian       =  little                                                   #
#    Source file  =  C:\Users\WangChangan\Desktop\K60_uCOS\App\System_Init\Sy #
#                    stem_Init.c                                              #
#    Command line =  C:\Users\WangChangan\Desktop\K60_uCOS\App\System_Init\Sy #
#                    stem_Init.c -D COMPILER_IAR -lCN                         #
#                    "C:\Users\WangChangan\Desktop\K60_uCOS\IAR               #
#                    Files\RAM\List\" -lB "C:\Users\WangChangan\Desktop\K60_u #
#                    COS\IAR Files\RAM\List\" -o                              #
#                    "C:\Users\WangChangan\Desktop\K60_uCOS\IAR               #
#                    Files\RAM\Obj\" --no_cse --no_unroll --no_inline         #
#                    --no_code_motion --no_tbaa --no_clustering               #
#                    --no_scheduling --debug --endian=little --cpu=Cortex-M4  #
#                    -e --char_is_signed --fpu=None --dlib_config             #
#                    "C:\Program Files\IAR Systems\Embedded Workbench 6.0     #
#                    Evaluation\arm\INC\c\DLib_Config_Normal.h" -I            #
#                    "C:\Users\WangChangan\Desktop\K60_uCOS\IAR Files\..\IAR  #
#                    Files\Project_Headers\" -I "C:\Users\WangChangan\Desktop #
#                    \K60_uCOS\IAR Files\..\KinetisDrivers\" -I               #
#                    "C:\Users\WangChangan\Desktop\K60_uCOS\IAR               #
#                    Files\..\Source\" -I "C:\Users\WangChangan\Desktop\K60_u #
#                    COS\IAR Files\..\App\ExtraFunction\" -I                  #
#                    "C:\Users\WangChangan\Desktop\K60_uCOS\IAR               #
#                    Files\..\App\SD_System\" -I                              #
#                    "C:\Users\WangChangan\Desktop\K60_uCOS\IAR               #
#                    Files\..\App\LEDCtl\" -I "C:\Users\WangChangan\Desktop\K #
#                    60_uCOS\IAR Files\..\App\ZLG7290\" -I                    #
#                    "C:\Users\WangChangan\Desktop\K60_uCOS\IAR               #
#                    Files\..\App\OLED\" -I "C:\Users\WangChangan\Desktop\K60 #
#                    _uCOS\IAR Files\..\App\FTFL\" -I                         #
#                    "C:\Users\WangChangan\Desktop\K60_uCOS\IAR               #
#                    Files\..\App\Platform\" -I "C:\Users\WangChangan\Desktop #
#                    \K60_uCOS\IAR Files\..\App\System_Init\" -I              #
#                    "C:\Users\WangChangan\Desktop\K60_uCOS\IAR               #
#                    Files\..\App\HardwareInterface\" -I                      #
#                    "C:\Users\WangChangan\Desktop\K60_uCOS\IAR               #
#                    Files\..\App\TypeAdapter\" -I                            #
#                    "C:\Users\WangChangan\Desktop\K60_uCOS\IAR               #
#                    Files\..\uCOS_III\Cfg\" -I "C:\Users\WangChangan\Desktop #
#                    \K60_uCOS\IAR Files\..\uCOS_III\Source\" -I              #
#                    "C:\Users\WangChangan\Desktop\K60_uCOS\IAR               #
#                    Files\..\uCOS_III\CortexM4\" -Ol                         #
#    List file    =  C:\Users\WangChangan\Desktop\K60_uCOS\IAR                #
#                    Files\RAM\List\System_Init.lst                           #
#    Object file  =  C:\Users\WangChangan\Desktop\K60_uCOS\IAR                #
#                    Files\RAM\Obj\System_Init.o                              #
#                                                                             #
#                                                                             #
###############################################################################

C:\Users\WangChangan\Desktop\K60_uCOS\App\System_Init\System_Init.c
      1          #include "./System_Init.h"
      2          #include "../Common_Def.h"
      3          #include "../ExtraFunction/ExtraFunction.h"
      4          #include "../Platform/Platform.h"
      5          #include "../HardwareInterface/Interrupt.h"
      6          
      7          /************************************************************************************************ 
      8          * StartSystem
      9          * 完成整个系统的初始化与启动       
     10          ************************************************************************************************/

   \                                 In section .text, align 4, keep-with-next
     11          void StartSystem()
     12          {  
   \                     StartSystem:
   \   00000000   0xB580             PUSH     {R7,LR}
     13            DIS_Int();              /*初始化之前先关中断*/
   \   00000002   0xB672             CPSID i         
     14          
     15            GPIO_Init();            /*基本输入输出口初始化*/  
   \   00000004   0x.... 0x....      BL       GPIO_Init
     16            
     17            C_WDOG_IntOff();        /*清看门狗*/
   \   00000008   0x4810             LDR.N    R0,??StartSystem_0  ;; 0x4005200c
   \   0000000A   0xF24A 0x6102      MOVW     R1,#+42498
   \   0000000E   0x8001             STRH     R1,[R0, #+0]
   \   00000010   0x480E             LDR.N    R0,??StartSystem_0  ;; 0x4005200c
   \   00000012   0xF24B 0x4180      MOVW     R1,#+46208
   \   00000016   0x8001             STRH     R1,[R0, #+0]
     18            
     19            SysTick = 0;            /*时基计数清零*/ 
   \   00000018   0x480D             LDR.N    R0,??StartSystem_0+0x4
   \   0000001A   0x2100             MOVS     R1,#+0
   \   0000001C   0x6001             STR      R1,[R0, #+0]
     20            IntTick_Init();         /*初始化系统时钟中断*/ 
   \   0000001E   0x.... 0x....      BL       IntTick_Init
     21              
     22            C_WDOG_IntOff();        /*清看门狗*/
   \   00000022   0x480A             LDR.N    R0,??StartSystem_0  ;; 0x4005200c
   \   00000024   0xF24A 0x6102      MOVW     R1,#+42498
   \   00000028   0x8001             STRH     R1,[R0, #+0]
   \   0000002A   0x4808             LDR.N    R0,??StartSystem_0  ;; 0x4005200c
   \   0000002C   0xF24B 0x4180      MOVW     R1,#+46208
   \   00000030   0x8001             STRH     R1,[R0, #+0]
     23           
     24            ExtInit_Normal();
   \   00000032   0x.... 0x....      BL       ExtInit_Normal
     25            
     26            C_WDOG_IntOff();        /*清看门狗*/
   \   00000036   0x4805             LDR.N    R0,??StartSystem_0  ;; 0x4005200c
   \   00000038   0xF24A 0x6102      MOVW     R1,#+42498
   \   0000003C   0x8001             STRH     R1,[R0, #+0]
   \   0000003E   0x4803             LDR.N    R0,??StartSystem_0  ;; 0x4005200c
   \   00000040   0xF24B 0x4180      MOVW     R1,#+46208
   \   00000044   0x8001             STRH     R1,[R0, #+0]
     27            
     28            EN_Int();               /*开中断,系统开始正常运行*/	
   \   00000046   0xB662             CPSIE i         
     29          }
   \   00000048   0xBD01             POP      {R0,PC}          ;; return
   \   0000004A   0xBF00             Nop      
   \                     ??StartSystem_0:
   \   0000004C   0x4005200C         DC32     0x4005200c
   \   00000050   0x........         DC32     SysTick

   Maximum stack usage in bytes:

   .cstack Function
   ------- --------
        8  StartSystem
             8 -> ExtInit_Normal
             8 -> GPIO_Init
             8 -> IntTick_Init


   Section sizes:

   Bytes  Function/Label
   -----  --------------
      84  StartSystem

 
 84 bytes in section .text
 
 84 bytes of CODE memory

Errors: none
Warnings: none
