###############################################################################
#                                                                             #
#                                                       03/Nov/2015  20:45:53 #
# IAR ANSI C/C++ Compiler V6.30.6.23336/W32 EVALUATION for ARM                #
# Copyright 1999-2012 IAR Systems AB.                                         #
#                                                                             #
#    Cpu mode     =  thumb                                                    #
#    Endian       =  little                                                   #
#    Source file  =  C:\Users\WangChangan\Desktop\K10小板定稿\System_Init\Sys #
#                    tem_Init.c                                               #
#    Command line =  C:\Users\WangChangan\Desktop\K10小板定稿\System_Init\Sys #
#                    tem_Init.c -D COMPILER_IAR -lCN                          #
#                    "C:\Users\WangChangan\Desktop\K10小板定稿\IAR            #
#                    Files\FLASH\List\" -lB "C:\Users\WangChangan\Desktop\K10 #
#                    小板定稿\IAR Files\FLASH\List\" -o                       #
#                    "C:\Users\WangChangan\Desktop\K10小板定稿\IAR            #
#                    Files\FLASH\Obj\" --no_cse --no_unroll --no_inline       #
#                    --no_code_motion --no_tbaa --no_clustering               #
#                    --no_scheduling --debug --endian=little --cpu=Cortex-M4  #
#                    -e --fpu=None --dlib_config "C:\Program Files\IAR        #
#                    Systems\Embedded Workbench 6.0                           #
#                    Evaluation\arm\INC\c\DLib_Config_Normal.h" -I            #
#                    "C:\Users\WangChangan\Desktop\K10小板定稿\IAR            #
#                    Files\..\Project_Headers\" -I                            #
#                    "C:\Users\WangChangan\Desktop\K10小板定稿\IAR            #
#                    Files\..\KinetisDrivers\" -I                             #
#                    "C:\Users\WangChangan\Desktop\K10小板定稿\IAR            #
#                    Files\..\ExtraFunction\" -I                              #
#                    "C:\Users\WangChangan\Desktop\K10小板定稿\IAR            #
#                    Files\..\Hardware_Interface\" -I                         #
#                    "C:\Users\WangChangan\Desktop\K10小板定稿\IAR            #
#                    Files\..\Make_Decision\" -I                              #
#                    "C:\Users\WangChangan\Desktop\K10小板定稿\IAR            #
#                    Files\..\Math\" -I "C:\Users\WangChangan\Desktop\K10小板 #
#                    定稿\IAR Files\..\Original_Process\" -I                  #
#                    "C:\Users\WangChangan\Desktop\K10小板定稿\IAR            #
#                    Files\..\Platform\" -I "C:\Users\WangChangan\Desktop\K10 #
#                    小板定稿\IAR Files\..\SD_System\" -I                     #
#                    "C:\Users\WangChangan\Desktop\K10小板定稿\IAR            #
#                    Files\..\Source\" -I "C:\Users\WangChangan\Desktop\K10小 #
#                    板定稿\IAR Files\..\System_Init\" -Ol                    #
#    List file    =  C:\Users\WangChangan\Desktop\K10小板定稿\IAR             #
#                    Files\FLASH\List\System_Init.lst                         #
#    Object file  =  C:\Users\WangChangan\Desktop\K10小板定稿\IAR             #
#                    Files\FLASH\Obj\System_Init.o                            #
#                                                                             #
#                                                                             #
###############################################################################

C:\Users\WangChangan\Desktop\K10小板定稿\System_Init\System_Init.c
      1          #include "./System_Init.h"
      2          #include "../Common_Def.h"
      3          #include "../ExtraFunction/ExtraFunction.h"
      4          #include "../Platform/Platform.h"
      5          #include "../HardwareInterface/Interrupt.h"
      6          
      7          /************************************************************************************************ 
      8          * StartSystem
      9          * 完成整个系统的初始化与启动       
     10          ************************************************************************************************/

   \                                 In section .text, align 4, keep-with-next
     11          void StartSystem()
     12          {  
   \                     StartSystem:
   \   00000000   0xB580             PUSH     {R7,LR}
     13            DIS_Int();              /*初始化之前先关中断*/
   \   00000002   0xB672             CPSID i         
     14          
     15            CPU_Init();             /*控制器的初始化配置*/
   \   00000004   0x.... 0x....      BL       CPU_Init
     16            WatchDog_Init();        /*设置看门狗定时器*/
   \   00000008   0x.... 0x....      BL       WatchDog_Init
     17            GPIO_Init();            /*基本输入输出口初始化*/  
   \   0000000C   0x.... 0x....      BL       GPIO_Init
     18            
     19            C_WDOG_IntOff();        /*清看门狗*/
   \   00000010   0x4810             LDR.N    R0,??StartSystem_0  ;; 0x4005200c
   \   00000012   0xF24A 0x6102      MOVW     R1,#+42498
   \   00000016   0x8001             STRH     R1,[R0, #+0]
   \   00000018   0x480E             LDR.N    R0,??StartSystem_0  ;; 0x4005200c
   \   0000001A   0xF24B 0x4180      MOVW     R1,#+46208
   \   0000001E   0x8001             STRH     R1,[R0, #+0]
     20            
     21            SysTick = 0;            /*时基计数清零*/ 
   \   00000020   0x480D             LDR.N    R0,??StartSystem_0+0x4
   \   00000022   0x2100             MOVS     R1,#+0
   \   00000024   0x8001             STRH     R1,[R0, #+0]
     22            IntTick_Init();         /*初始化系统时钟中断*/ 
   \   00000026   0x.... 0x....      BL       IntTick_Init
     23              
     24            C_WDOG_IntOff();        /*清看门狗*/
   \   0000002A   0x480A             LDR.N    R0,??StartSystem_0  ;; 0x4005200c
   \   0000002C   0xF24A 0x6102      MOVW     R1,#+42498
   \   00000030   0x8001             STRH     R1,[R0, #+0]
   \   00000032   0x4808             LDR.N    R0,??StartSystem_0  ;; 0x4005200c
   \   00000034   0xF24B 0x4180      MOVW     R1,#+46208
   \   00000038   0x8001             STRH     R1,[R0, #+0]
     25           
     26            ExtInit_Normal();
   \   0000003A   0x.... 0x....      BL       ExtInit_Normal
     27            
     28            C_WDOG_IntOff();        /*清看门狗*/
   \   0000003E   0x4805             LDR.N    R0,??StartSystem_0  ;; 0x4005200c
   \   00000040   0xF24A 0x6102      MOVW     R1,#+42498
   \   00000044   0x8001             STRH     R1,[R0, #+0]
   \   00000046   0x4803             LDR.N    R0,??StartSystem_0  ;; 0x4005200c
   \   00000048   0xF24B 0x4180      MOVW     R1,#+46208
   \   0000004C   0x8001             STRH     R1,[R0, #+0]
     29            
     30            EN_Int();               /*开中断,系统开始正常运行*/	
   \   0000004E   0xB662             CPSIE i         
     31          }
   \   00000050   0xBD01             POP      {R0,PC}          ;; return
   \   00000052   0xBF00             Nop      
   \                     ??StartSystem_0:
   \   00000054   0x4005200C         DC32     0x4005200c
   \   00000058   0x........         DC32     SysTick

   Maximum stack usage in bytes:

   .cstack Function
   ------- --------
        8  StartSystem
             8 -> CPU_Init
             8 -> ExtInit_Normal
             8 -> GPIO_Init
             8 -> IntTick_Init
             8 -> WatchDog_Init


   Section sizes:

   Bytes  Function/Label
   -----  --------------
      92  StartSystem

 
 92 bytes in section .text
 
 92 bytes of CODE memory

Errors: none
Warnings: none
